2025.10.25 15:24 B C:\KESENFA\Login.html <-- sendy /public_html/InstitutoKESENFA/pagos Login.html
2025.10.25 15:24 B C:\KESENFA\menu.html <-- sendy /public_html/InstitutoKESENFA/pagos menu.html
2025.10.25 15:24 B C:\KESENFA\pago de cuotas.html <-- sendy /public_html/InstitutoKESENFA/pagos pago de cuotas.html
2025.10.25 15:24 B C:\KESENFA\pago de matricula.html <-- sendy /public_html/InstitutoKESENFA/pagos pago de matricula.html
2025.11.12 19:39 B C:\KESENFA\404.html --> www.cepea8.net.pe /public_html/tarazona/matricula 404.html
2025.11.12 19:39 B C:\KESENFA\about.html --> www.cepea8.net.pe /public_html/tarazona/matricula about.html
2025.11.12 19:39 B C:\KESENFA\contact.html --> www.cepea8.net.pe /public_html/tarazona/matricula contact.html
2025.11.12 19:39 B C:\KESENFA\courses.html --> www.cepea8.net.pe /public_html/tarazona/matricula courses.html
2025.11.12 19:39 B C:\KESENFA\elearning-html-template.jpg --> www.cepea8.net.pe /public_html/tarazona/matricula elearning-html-template.jpg
2025.11.12 19:39 B C:\KESENFA\index.html --> www.cepea8.net.pe /public_html/tarazona/matricula index.html
2025.11.12 19:39 B C:\KESENFA\index.html.bak --> www.cepea8.net.pe /public_html/tarazona/matricula index.html.bak
2025.11.12 19:39 B C:\KESENFA\LICENSE.txt --> www.cepea8.net.pe /public_html/tarazona/matricula LICENSE.txt
2025.11.12 19:39 B C:\KESENFA\Login.html --> www.cepea8.net.pe /public_html/tarazona/matricula Login.html
2025.11.12 19:39 B C:\KESENFA\menu.html --> www.cepea8.net.pe /public_html/tarazona/matricula menu.html
2025.11.12 19:39 B C:\KESENFA\pago de cuotas.html --> www.cepea8.net.pe /public_html/tarazona/matricula pago de cuotas.html
2025.11.12 19:39 B C:\KESENFA\pago de matricula.html --> www.cepea8.net.pe /public_html/tarazona/matricula pago de matricula.html
2025.11.12 19:39 B C:\KESENFA\READ-ME.txt --> www.cepea8.net.pe /public_html/tarazona/matricula READ-ME.txt
2025.11.12 19:39 B C:\KESENFA\team.html --> www.cepea8.net.pe /public_html/tarazona/matricula team.html
2025.11.12 19:39 B C:\KESENFA\testimonial.html --> www.cepea8.net.pe /public_html/tarazona/matricula testimonial.html
2025.11.12 19:39 B C:\KESENFA\WS_FTP.LOG --> www.cepea8.net.pe /public_html/tarazona/matricula WS_FTP.LOG
2025.11.12 19:44 B C:\KESENFA\404.html --> www.cepea8.net.pe /public_html/tarazona/matricula 404.html
2025.11.12 19:44 B C:\KESENFA\about.html --> www.cepea8.net.pe /public_html/tarazona/matricula about.html
2025.11.12 19:44 B C:\KESENFA\contact.html --> www.cepea8.net.pe /public_html/tarazona/matricula contact.html
2025.11.12 19:44 B C:\KESENFA\courses.html --> www.cepea8.net.pe /public_html/tarazona/matricula courses.html
2025.11.12 19:44 B C:\KESENFA\elearning-html-template.jpg --> www.cepea8.net.pe /public_html/tarazona/matricula elearning-html-template.jpg
2025.11.12 19:44 B C:\KESENFA\index.html --> www.cepea8.net.pe /public_html/tarazona/matricula index.html
2025.11.12 19:44 B C:\KESENFA\index.html.bak --> www.cepea8.net.pe /public_html/tarazona/matricula index.html.bak
2025.11.12 19:44 B C:\KESENFA\LICENSE.txt --> www.cepea8.net.pe /public_html/tarazona/matricula LICENSE.txt
2025.11.12 19:44 B C:\KESENFA\Login.html --> www.cepea8.net.pe /public_html/tarazona/matricula Login.html
2025.11.12 19:44 B C:\KESENFA\menu.html --> www.cepea8.net.pe /public_html/tarazona/matricula menu.html
2025.11.12 19:44 B C:\KESENFA\pago de cuotas.html --> www.cepea8.net.pe /public_html/tarazona/matricula pago de cuotas.html
2025.11.12 19:44 B C:\KESENFA\pago de matricula.html --> www.cepea8.net.pe /public_html/tarazona/matricula pago de matricula.html
2025.11.12 19:44 B C:\KESENFA\READ-ME.txt --> www.cepea8.net.pe /public_html/tarazona/matricula READ-ME.txt
2025.11.12 19:44 B C:\KESENFA\team.html --> www.cepea8.net.pe /public_html/tarazona/matricula team.html
2025.11.12 19:44 B C:\KESENFA\testimonial.html --> www.cepea8.net.pe /public_html/tarazona/matricula testimonial.html
2025.12.06 23:23 B C:\Cursos\cursos\WS_FTP.LOG <-- cepea /public_html/tarazona/cursos WS_FTP.LOG
2025.12.06 23:23 B C:\Cursos\cursos\READ-ME.txt <-- cepea /public_html/tarazona/cursos READ-ME.txt
2025.12.06 23:23 B C:\Cursos\cursos\pago de matricula.html <-- cepea /public_html/tarazona/cursos pago de matricula.html
2025.12.06 23:23 B C:\Cursos\cursos\pago de cuotas.html <-- cepea /public_html/tarazona/cursos pago de cuotas.html
2025.12.06 23:23 B C:\Cursos\cursos\menu.html <-- cepea /public_html/tarazona/cursos menu.html
2025.12.06 23:23 B C:\Cursos\cursos\LICENSE.txt <-- cepea /public_html/tarazona/cursos LICENSE.txt
2025.12.06 23:23 B C:\Cursos\cursos\db.php <-- cepea /public_html/tarazona/cursos db.php
2025.12.06 23:23 B C:\Cursos\cursos\simulate_card_payment.php <-- cepea /public_html/tarazona/cursos simulate_card_payment.php
2025.12.06 23:23 B C:\Cursos\cursos\logout.php <-- cepea /public_html/tarazona/cursos logout.php
2025.12.06 23:23 B C:\Cursos\cursos\make_hash.php <-- cepea /public_html/tarazona/cursos make_hash.php
2025.12.06 23:23 B C:\Cursos\cursos\init_db.php <-- cepea /public_html/tarazona/cursos init_db.php
