2025.11.12 19:38 B C:\KESENFA\scss\bootstrap\scss\mixins\_alert.scss --> www.cepea8.net.pe /public_html/tarazona/matricula/scss/bootstrap/scss/mixins _alert.scss
2025.11.12 19:38 B C:\KESENFA\scss\bootstrap\scss\mixins\_border-radius.scss --> www.cepea8.net.pe /public_html/tarazona/matricula/scss/bootstrap/scss/mixins _border-radius.scss
2025.11.12 19:38 B C:\KESENFA\scss\bootstrap\scss\mixins\_box-shadow.scss --> www.cepea8.net.pe /public_html/tarazona/matricula/scss/bootstrap/scss/mixins _box-shadow.scss
2025.11.12 19:39 B C:\KESENFA\scss\bootstrap\scss\mixins\_breakpoints.scss --> www.cepea8.net.pe /public_html/tarazona/matricula/scss/bootstrap/scss/mixins _breakpoints.scss
2025.11.12 19:39 B C:\KESENFA\scss\bootstrap\scss\mixins\_buttons.scss --> www.cepea8.net.pe /public_html/tarazona/matricula/scss/bootstrap/scss/mixins _buttons.scss
2025.11.12 19:39 B C:\KESENFA\scss\bootstrap\scss\mixins\_caret.scss --> www.cepea8.net.pe /public_html/tarazona/matricula/scss/bootstrap/scss/mixins _caret.scss
2025.11.12 19:39 B C:\KESENFA\scss\bootstrap\scss\mixins\_clearfix.scss --> www.cepea8.net.pe /public_html/tarazona/matricula/scss/bootstrap/scss/mixins _clearfix.scss
2025.11.12 19:39 B C:\KESENFA\scss\bootstrap\scss\mixins\_color-scheme.scss --> www.cepea8.net.pe /public_html/tarazona/matricula/scss/bootstrap/scss/mixins _color-scheme.scss
2025.11.12 19:39 B C:\KESENFA\scss\bootstrap\scss\mixins\_container.scss --> www.cepea8.net.pe /public_html/tarazona/matricula/scss/bootstrap/scss/mixins _container.scss
2025.11.12 19:39 B C:\KESENFA\scss\bootstrap\scss\mixins\_deprecate.scss --> www.cepea8.net.pe /public_html/tarazona/matricula/scss/bootstrap/scss/mixins _deprecate.scss
2025.11.12 19:39 B C:\KESENFA\scss\bootstrap\scss\mixins\_forms.scss --> www.cepea8.net.pe /public_html/tarazona/matricula/scss/bootstrap/scss/mixins _forms.scss
2025.11.12 19:39 B C:\KESENFA\scss\bootstrap\scss\mixins\_gradients.scss --> www.cepea8.net.pe /public_html/tarazona/matricula/scss/bootstrap/scss/mixins _gradients.scss
2025.11.12 19:39 B C:\KESENFA\scss\bootstrap\scss\mixins\_grid.scss --> www.cepea8.net.pe /public_html/tarazona/matricula/scss/bootstrap/scss/mixins _grid.scss
2025.11.12 19:39 B C:\KESENFA\scss\bootstrap\scss\mixins\_image.scss --> www.cepea8.net.pe /public_html/tarazona/matricula/scss/bootstrap/scss/mixins _image.scss
2025.11.12 19:39 B C:\KESENFA\scss\bootstrap\scss\mixins\_list-group.scss --> www.cepea8.net.pe /public_html/tarazona/matricula/scss/bootstrap/scss/mixins _list-group.scss
2025.11.12 19:39 B C:\KESENFA\scss\bootstrap\scss\mixins\_lists.scss --> www.cepea8.net.pe /public_html/tarazona/matricula/scss/bootstrap/scss/mixins _lists.scss
2025.11.12 19:39 B C:\KESENFA\scss\bootstrap\scss\mixins\_pagination.scss --> www.cepea8.net.pe /public_html/tarazona/matricula/scss/bootstrap/scss/mixins _pagination.scss
2025.11.12 19:39 B C:\KESENFA\scss\bootstrap\scss\mixins\_reset-text.scss --> www.cepea8.net.pe /public_html/tarazona/matricula/scss/bootstrap/scss/mixins _reset-text.scss
2025.11.12 19:39 B C:\KESENFA\scss\bootstrap\scss\mixins\_resize.scss --> www.cepea8.net.pe /public_html/tarazona/matricula/scss/bootstrap/scss/mixins _resize.scss
2025.11.12 19:39 B C:\KESENFA\scss\bootstrap\scss\mixins\_table-variants.scss --> www.cepea8.net.pe /public_html/tarazona/matricula/scss/bootstrap/scss/mixins _table-variants.scss
2025.11.12 19:39 B C:\KESENFA\scss\bootstrap\scss\mixins\_text-truncate.scss --> www.cepea8.net.pe /public_html/tarazona/matricula/scss/bootstrap/scss/mixins _text-truncate.scss
2025.11.12 19:39 B C:\KESENFA\scss\bootstrap\scss\mixins\_transition.scss --> www.cepea8.net.pe /public_html/tarazona/matricula/scss/bootstrap/scss/mixins _transition.scss
2025.11.12 19:39 B C:\KESENFA\scss\bootstrap\scss\mixins\_utilities.scss --> www.cepea8.net.pe /public_html/tarazona/matricula/scss/bootstrap/scss/mixins _utilities.scss
2025.11.12 19:39 B C:\KESENFA\scss\bootstrap\scss\mixins\_visually-hidden.scss --> www.cepea8.net.pe /public_html/tarazona/matricula/scss/bootstrap/scss/mixins _visually-hidden.scss
2025.12.06 23:22 B C:\Cursos\cursos\scss\bootstrap\scss\mixins\WS_FTP.LOG <-- cepea /public_html/tarazona/cursos/scss/bootstrap/scss/mixins WS_FTP.LOG
2025.12.06 23:22 B C:\Cursos\cursos\scss\bootstrap\scss\mixins\_visually-hidden.scss <-- cepea /public_html/tarazona/cursos/scss/bootstrap/scss/mixins _visually-hidden.scss
2025.12.06 23:22 B C:\Cursos\cursos\scss\bootstrap\scss\mixins\_utilities.scss <-- cepea /public_html/tarazona/cursos/scss/bootstrap/scss/mixins _utilities.scss
2025.12.06 23:22 B C:\Cursos\cursos\scss\bootstrap\scss\mixins\_transition.scss <-- cepea /public_html/tarazona/cursos/scss/bootstrap/scss/mixins _transition.scss
2025.12.06 23:22 B C:\Cursos\cursos\scss\bootstrap\scss\mixins\_text-truncate.scss <-- cepea /public_html/tarazona/cursos/scss/bootstrap/scss/mixins _text-truncate.scss
2025.12.06 23:22 B C:\Cursos\cursos\scss\bootstrap\scss\mixins\_table-variants.scss <-- cepea /public_html/tarazona/cursos/scss/bootstrap/scss/mixins _table-variants.scss
2025.12.06 23:22 B C:\Cursos\cursos\scss\bootstrap\scss\mixins\_resize.scss <-- cepea /public_html/tarazona/cursos/scss/bootstrap/scss/mixins _resize.scss
2025.12.06 23:22 B C:\Cursos\cursos\scss\bootstrap\scss\mixins\_reset-text.scss <-- cepea /public_html/tarazona/cursos/scss/bootstrap/scss/mixins _reset-text.scss
2025.12.06 23:22 B C:\Cursos\cursos\scss\bootstrap\scss\mixins\_pagination.scss <-- cepea /public_html/tarazona/cursos/scss/bootstrap/scss/mixins _pagination.scss
2025.12.06 23:22 B C:\Cursos\cursos\scss\bootstrap\scss\mixins\_lists.scss <-- cepea /public_html/tarazona/cursos/scss/bootstrap/scss/mixins _lists.scss
2025.12.06 23:22 B C:\Cursos\cursos\scss\bootstrap\scss\mixins\_list-group.scss <-- cepea /public_html/tarazona/cursos/scss/bootstrap/scss/mixins _list-group.scss
2025.12.06 23:22 B C:\Cursos\cursos\scss\bootstrap\scss\mixins\_image.scss <-- cepea /public_html/tarazona/cursos/scss/bootstrap/scss/mixins _image.scss
2025.12.06 23:22 B C:\Cursos\cursos\scss\bootstrap\scss\mixins\_grid.scss <-- cepea /public_html/tarazona/cursos/scss/bootstrap/scss/mixins _grid.scss
2025.12.06 23:22 B C:\Cursos\cursos\scss\bootstrap\scss\mixins\_gradients.scss <-- cepea /public_html/tarazona/cursos/scss/bootstrap/scss/mixins _gradients.scss
2025.12.06 23:22 B C:\Cursos\cursos\scss\bootstrap\scss\mixins\_forms.scss <-- cepea /public_html/tarazona/cursos/scss/bootstrap/scss/mixins _forms.scss
2025.12.06 23:22 B C:\Cursos\cursos\scss\bootstrap\scss\mixins\_deprecate.scss <-- cepea /public_html/tarazona/cursos/scss/bootstrap/scss/mixins _deprecate.scss
2025.12.06 23:22 B C:\Cursos\cursos\scss\bootstrap\scss\mixins\_container.scss <-- cepea /public_html/tarazona/cursos/scss/bootstrap/scss/mixins _container.scss
2025.12.06 23:22 B C:\Cursos\cursos\scss\bootstrap\scss\mixins\_color-scheme.scss <-- cepea /public_html/tarazona/cursos/scss/bootstrap/scss/mixins _color-scheme.scss
2025.12.06 23:22 B C:\Cursos\cursos\scss\bootstrap\scss\mixins\_clearfix.scss <-- cepea /public_html/tarazona/cursos/scss/bootstrap/scss/mixins _clearfix.scss
2025.12.06 23:22 B C:\Cursos\cursos\scss\bootstrap\scss\mixins\_caret.scss <-- cepea /public_html/tarazona/cursos/scss/bootstrap/scss/mixins _caret.scss
2025.12.06 23:22 B C:\Cursos\cursos\scss\bootstrap\scss\mixins\_buttons.scss <-- cepea /public_html/tarazona/cursos/scss/bootstrap/scss/mixins _buttons.scss
2025.12.06 23:22 B C:\Cursos\cursos\scss\bootstrap\scss\mixins\_breakpoints.scss <-- cepea /public_html/tarazona/cursos/scss/bootstrap/scss/mixins _breakpoints.scss
2025.12.06 23:22 B C:\Cursos\cursos\scss\bootstrap\scss\mixins\_box-shadow.scss <-- cepea /public_html/tarazona/cursos/scss/bootstrap/scss/mixins _box-shadow.scss
2025.12.06 23:22 B C:\Cursos\cursos\scss\bootstrap\scss\mixins\_border-radius.scss <-- cepea /public_html/tarazona/cursos/scss/bootstrap/scss/mixins _border-radius.scss
2025.12.06 23:22 B C:\Cursos\cursos\scss\bootstrap\scss\mixins\_alert.scss <-- cepea /public_html/tarazona/cursos/scss/bootstrap/scss/mixins _alert.scss
