2025.10.21 21:36 B D:\matricula\img\fondo.jpg <-- sendy /public_html/MALLQUI/matricula/img fondo.jpg
2025.10.21 21:36 B D:\matricula\img\logo.png <-- sendy /public_html/MALLQUI/matricula/img logo.png
2025.10.21 21:36 B D:\matricula\img\yape.jpg <-- sendy /public_html/MALLQUI/matricula/img yape.jpg
2025.10.22 19:25 B C:\pagos\img\fondo.jpg --> www.cepea8.net.pe /public_html/MALLQUI/pagos/img fondo.jpg
2025.10.22 19:25 B C:\pagos\img\logo.png --> www.cepea8.net.pe /public_html/MALLQUI/pagos/img logo.png
2025.10.22 19:25 B C:\pagos\img\WS_FTP.LOG --> www.cepea8.net.pe /public_html/MALLQUI/pagos/img WS_FTP.LOG
2025.10.22 19:25 B C:\pagos\img\yape.jpg --> www.cepea8.net.pe /public_html/MALLQUI/pagos/img yape.jpg
2025.10.22 19:56 B C:\pagos\img\WS_FTP.LOG --> www.cepea8.net.pe /public_html/MALLQUI/pagos/img WS_FTP.LOG
2025.10.22 20:16 B C:\pagos\img\fondo.jpg --> www.cepea8.net.pe /public_html/Instituto Kesenfa/pagos/img fondo.jpg
2025.10.22 20:16 B C:\pagos\img\logo.png --> www.cepea8.net.pe /public_html/Instituto Kesenfa/pagos/img logo.png
2025.10.22 20:16 B C:\pagos\img\WS_FTP.LOG --> www.cepea8.net.pe /public_html/Instituto Kesenfa/pagos/img WS_FTP.LOG
2025.10.22 20:16 B C:\pagos\img\yape.jpg --> www.cepea8.net.pe /public_html/Instituto Kesenfa/pagos/img yape.jpg
2025.10.22 21:09 B C:\pagos\img\fondo.jpg --> www.cepea8.net.pe /public_html/InstitutoKESENFA/pagos/img fondo.jpg
2025.10.25 15:25 B C:\KESENFA\img\WS_FTP.LOG <-- sendy /public_html/InstitutoKESENFA/pagos/img WS_FTP.LOG
2025.10.25 15:25 B C:\KESENFA\img\yape.jpg <-- sendy /public_html/InstitutoKESENFA/pagos/img yape.jpg
2025.11.12 19:43 B C:\KESENFA\img\about.jpg --> www.cepea8.net.pe /public_html/tarazona/matricula/img about.jpg
2025.11.12 19:43 B C:\KESENFA\img\carousel-1.jpg --> www.cepea8.net.pe /public_html/tarazona/matricula/img carousel-1.jpg
2025.11.12 19:43 B C:\KESENFA\img\carousel-2.jpg --> www.cepea8.net.pe /public_html/tarazona/matricula/img carousel-2.jpg
2025.11.12 19:43 B C:\KESENFA\img\cat-1.jpg --> www.cepea8.net.pe /public_html/tarazona/matricula/img cat-1.jpg
2025.11.12 19:43 B C:\KESENFA\img\cat-2.jpg --> www.cepea8.net.pe /public_html/tarazona/matricula/img cat-2.jpg
2025.11.12 19:43 B C:\KESENFA\img\cat-3.jpg --> www.cepea8.net.pe /public_html/tarazona/matricula/img cat-3.jpg
2025.11.12 19:43 B C:\KESENFA\img\cat-4.jpg --> www.cepea8.net.pe /public_html/tarazona/matricula/img cat-4.jpg
2025.11.12 19:43 B C:\KESENFA\img\course-1.jpg --> www.cepea8.net.pe /public_html/tarazona/matricula/img course-1.jpg
2025.11.12 19:43 B C:\KESENFA\img\course-2.jpg --> www.cepea8.net.pe /public_html/tarazona/matricula/img course-2.jpg
2025.11.12 19:43 B C:\KESENFA\img\course-3.jpg --> www.cepea8.net.pe /public_html/tarazona/matricula/img course-3.jpg
2025.11.12 19:43 B C:\KESENFA\img\fondo.jpg --> www.cepea8.net.pe /public_html/tarazona/matricula/img fondo.jpg
2025.11.12 19:43 B C:\KESENFA\img\logo.png --> www.cepea8.net.pe /public_html/tarazona/matricula/img logo.png
2025.11.12 19:43 B C:\KESENFA\img\team-1.jpg --> www.cepea8.net.pe /public_html/tarazona/matricula/img team-1.jpg
2025.11.12 19:43 B C:\KESENFA\img\team-2.jpg --> www.cepea8.net.pe /public_html/tarazona/matricula/img team-2.jpg
2025.11.12 19:43 B C:\KESENFA\img\team-3.jpg --> www.cepea8.net.pe /public_html/tarazona/matricula/img team-3.jpg
2025.11.12 19:43 B C:\KESENFA\img\team-4.jpg --> www.cepea8.net.pe /public_html/tarazona/matricula/img team-4.jpg
2025.11.12 19:43 B C:\KESENFA\img\testimonial-1.jpg --> www.cepea8.net.pe /public_html/tarazona/matricula/img testimonial-1.jpg
2025.11.12 19:43 B C:\KESENFA\img\testimonial-2.jpg --> www.cepea8.net.pe /public_html/tarazona/matricula/img testimonial-2.jpg
2025.11.12 19:43 B C:\KESENFA\img\testimonial-3.jpg --> www.cepea8.net.pe /public_html/tarazona/matricula/img testimonial-3.jpg
2025.11.12 19:43 B C:\KESENFA\img\testimonial-4.jpg --> www.cepea8.net.pe /public_html/tarazona/matricula/img testimonial-4.jpg
2025.11.12 19:43 B C:\KESENFA\img\WS_FTP.LOG --> www.cepea8.net.pe /public_html/tarazona/matricula/img WS_FTP.LOG
2025.11.12 19:43 B C:\KESENFA\img\yape.jpg --> www.cepea8.net.pe /public_html/tarazona/matricula/img yape.jpg
2025.11.12 20:14 B C:\KESENFA\img\about.jpg --> www.cepea8.net.pe /public_html/tarazona/matricula/img about.jpg
2025.11.12 20:14 B C:\KESENFA\img\carousel-1.jpg --> www.cepea8.net.pe /public_html/tarazona/matricula/img carousel-1.jpg
2025.11.12 20:14 B C:\KESENFA\img\carousel-2.jpg --> www.cepea8.net.pe /public_html/tarazona/matricula/img carousel-2.jpg
2025.11.12 20:14 B C:\KESENFA\img\cat-1.jpg --> www.cepea8.net.pe /public_html/tarazona/matricula/img cat-1.jpg
2025.11.12 20:14 B C:\KESENFA\img\cat-2.jpg --> www.cepea8.net.pe /public_html/tarazona/matricula/img cat-2.jpg
2025.11.12 20:14 B C:\KESENFA\img\cat-3.jpg --> www.cepea8.net.pe /public_html/tarazona/matricula/img cat-3.jpg
2025.11.12 20:14 B C:\KESENFA\img\cat-4.jpg --> www.cepea8.net.pe /public_html/tarazona/matricula/img cat-4.jpg
2025.11.12 20:14 B C:\KESENFA\img\course-1.jpg --> www.cepea8.net.pe /public_html/tarazona/matricula/img course-1.jpg
2025.11.12 20:14 B C:\KESENFA\img\course-2.jpg --> www.cepea8.net.pe /public_html/tarazona/matricula/img course-2.jpg
2025.11.12 20:14 B C:\KESENFA\img\course-3.jpg --> www.cepea8.net.pe /public_html/tarazona/matricula/img course-3.jpg
2025.11.12 20:14 B C:\KESENFA\img\fondo.jpg --> www.cepea8.net.pe /public_html/tarazona/matricula/img fondo.jpg
2025.11.12 20:14 B C:\KESENFA\img\logo.png --> www.cepea8.net.pe /public_html/tarazona/matricula/img logo.png
2025.11.12 20:14 B C:\KESENFA\img\team-1.jpg --> www.cepea8.net.pe /public_html/tarazona/matricula/img team-1.jpg
2025.11.12 20:14 B C:\KESENFA\img\team-2.jpg --> www.cepea8.net.pe /public_html/tarazona/matricula/img team-2.jpg
2025.11.12 20:14 B C:\KESENFA\img\team-3.jpg --> www.cepea8.net.pe /public_html/tarazona/matricula/img team-3.jpg
2025.11.12 20:14 B C:\KESENFA\img\team-4.jpg --> www.cepea8.net.pe /public_html/tarazona/matricula/img team-4.jpg
2025.11.12 20:14 B C:\KESENFA\img\testimonial-1.jpg --> www.cepea8.net.pe /public_html/tarazona/matricula/img testimonial-1.jpg
2025.11.12 20:14 B C:\KESENFA\img\testimonial-2.jpg --> www.cepea8.net.pe /public_html/tarazona/matricula/img testimonial-2.jpg
2025.11.12 20:14 B C:\KESENFA\img\testimonial-3.jpg --> www.cepea8.net.pe /public_html/tarazona/matricula/img testimonial-3.jpg
2025.11.12 20:14 B C:\KESENFA\img\testimonial-4.jpg --> www.cepea8.net.pe /public_html/tarazona/matricula/img testimonial-4.jpg
2025.11.12 20:14 B C:\KESENFA\img\videolecture-es.png --> www.cepea8.net.pe /public_html/tarazona/matricula/img videolecture-es.png
2025.11.12 20:14 B C:\KESENFA\img\WS_FTP.LOG --> www.cepea8.net.pe /public_html/tarazona/matricula/img WS_FTP.LOG
2025.11.12 20:14 B C:\KESENFA\img\yape.jpg --> www.cepea8.net.pe /public_html/tarazona/matricula/img yape.jpg
2025.11.12 20:22 B C:\KESENFA\img\carousel-1.jpg --> www.cepea8.net.pe /public_html/tarazona/matricula/img carousel-1.jpg
2025.11.12 20:23 B C:\KESENFA\img\logo.png --> www.cepea8.net.pe /public_html/tarazona/matricula/img logo.png
2025.11.12 21:11 B C:\KESENFA\img\about.jpg --> www.cepea8.net.pe /public_html/tarazona/matricula/img about.jpg
2025.11.19 20:22 B C:\KESENFA\img\about.jpg --> www.cepea8.net.pe /public_html/tarazona/cursos/img about.jpg
2025.11.19 20:22 B C:\KESENFA\img\carousel-1.jpg --> www.cepea8.net.pe /public_html/tarazona/cursos/img carousel-1.jpg
2025.11.19 20:22 B C:\KESENFA\img\carousel-2.jpg --> www.cepea8.net.pe /public_html/tarazona/cursos/img carousel-2.jpg
2025.11.19 20:22 B C:\KESENFA\img\cat-1.jpg --> www.cepea8.net.pe /public_html/tarazona/cursos/img cat-1.jpg
2025.11.19 20:22 B C:\KESENFA\img\cat-2.jpg --> www.cepea8.net.pe /public_html/tarazona/cursos/img cat-2.jpg
2025.11.19 20:22 B C:\KESENFA\img\cat-3.jpg --> www.cepea8.net.pe /public_html/tarazona/cursos/img cat-3.jpg
2025.11.19 20:22 B C:\KESENFA\img\cat-4.jpg --> www.cepea8.net.pe /public_html/tarazona/cursos/img cat-4.jpg
2025.11.19 20:22 B C:\KESENFA\img\course-1.jpg --> www.cepea8.net.pe /public_html/tarazona/cursos/img course-1.jpg
2025.11.19 20:22 B C:\KESENFA\img\course-2.jpg --> www.cepea8.net.pe /public_html/tarazona/cursos/img course-2.jpg
2025.11.19 20:22 B C:\KESENFA\img\course-3.jpg --> www.cepea8.net.pe /public_html/tarazona/cursos/img course-3.jpg
2025.11.19 20:22 B C:\KESENFA\img\course-4.jpg --> www.cepea8.net.pe /public_html/tarazona/cursos/img course-4.jpg
2025.11.19 20:22 B C:\KESENFA\img\course-5.jpg --> www.cepea8.net.pe /public_html/tarazona/cursos/img course-5.jpg
2025.11.19 20:22 B C:\KESENFA\img\course-6.jpg --> www.cepea8.net.pe /public_html/tarazona/cursos/img course-6.jpg
2025.11.19 20:22 B C:\KESENFA\img\course-7.jpg --> www.cepea8.net.pe /public_html/tarazona/cursos/img course-7.jpg
2025.11.19 20:22 B C:\KESENFA\img\course-8.jpg --> www.cepea8.net.pe /public_html/tarazona/cursos/img course-8.jpg
2025.11.19 20:22 B C:\KESENFA\img\course-9.jpg --> www.cepea8.net.pe /public_html/tarazona/cursos/img course-9.jpg
2025.11.19 20:22 B C:\KESENFA\img\fondo.jpg --> www.cepea8.net.pe /public_html/tarazona/cursos/img fondo.jpg
2025.11.19 20:22 B C:\KESENFA\img\logo.png --> www.cepea8.net.pe /public_html/tarazona/cursos/img logo.png
2025.11.19 20:22 B C:\KESENFA\img\team-1.jpg --> www.cepea8.net.pe /public_html/tarazona/cursos/img team-1.jpg
2025.11.19 20:22 B C:\KESENFA\img\team-2.jpg --> www.cepea8.net.pe /public_html/tarazona/cursos/img team-2.jpg
2025.11.19 20:22 B C:\KESENFA\img\team-3.jpg --> www.cepea8.net.pe /public_html/tarazona/cursos/img team-3.jpg
2025.11.19 20:22 B C:\KESENFA\img\team-4.jpg --> www.cepea8.net.pe /public_html/tarazona/cursos/img team-4.jpg
2025.11.19 20:22 B C:\KESENFA\img\testimonial-1.jpg --> www.cepea8.net.pe /public_html/tarazona/cursos/img testimonial-1.jpg
2025.11.19 20:22 B C:\KESENFA\img\testimonial-2.jpg --> www.cepea8.net.pe /public_html/tarazona/cursos/img testimonial-2.jpg
2025.11.19 20:22 B C:\KESENFA\img\testimonial-3.jpg --> www.cepea8.net.pe /public_html/tarazona/cursos/img testimonial-3.jpg
2025.11.19 20:22 B C:\KESENFA\img\testimonial-4.jpg --> www.cepea8.net.pe /public_html/tarazona/cursos/img testimonial-4.jpg
2025.11.19 20:23 B C:\KESENFA\img\vggfgggh.png --> www.cepea8.net.pe /public_html/tarazona/cursos/img vggfgggh.png
2025.11.19 20:23 B C:\KESENFA\img\videolecture-es.png --> www.cepea8.net.pe /public_html/tarazona/cursos/img videolecture-es.png
2025.12.06 23:21 B C:\Cursos\cursos\img\WS_FTP.LOG <-- cepea /public_html/tarazona/cursos/img WS_FTP.LOG
2025.12.06 23:21 B C:\Cursos\cursos\img\videolecture-es.png <-- cepea /public_html/tarazona/cursos/img videolecture-es.png
2025.12.06 23:21 B C:\Cursos\cursos\img\vggfgggh.png <-- cepea /public_html/tarazona/cursos/img vggfgggh.png
2025.12.06 23:21 B C:\Cursos\cursos\img\testimonial-4.jpg <-- cepea /public_html/tarazona/cursos/img testimonial-4.jpg
2025.12.06 23:21 B C:\Cursos\cursos\img\testimonial-3.jpg <-- cepea /public_html/tarazona/cursos/img testimonial-3.jpg
2025.12.06 23:21 B C:\Cursos\cursos\img\testimonial-2.jpg <-- cepea /public_html/tarazona/cursos/img testimonial-2.jpg
2025.12.06 23:21 B C:\Cursos\cursos\img\testimonial-1.jpg <-- cepea /public_html/tarazona/cursos/img testimonial-1.jpg
2025.12.06 23:21 B C:\Cursos\cursos\img\team-4.jpg <-- cepea /public_html/tarazona/cursos/img team-4.jpg
2025.12.06 23:21 B C:\Cursos\cursos\img\logo.png <-- cepea /public_html/tarazona/cursos/img logo.png
2025.12.06 23:21 B C:\Cursos\cursos\img\fondo.jpg <-- cepea /public_html/tarazona/cursos/img fondo.jpg
2025.12.06 23:21 B C:\Cursos\cursos\img\course-9.jpg <-- cepea /public_html/tarazona/cursos/img course-9.jpg
2025.12.06 23:21 B C:\Cursos\cursos\img\course-8.jpg <-- cepea /public_html/tarazona/cursos/img course-8.jpg
2025.12.06 23:22 B C:\Cursos\cursos\img\course-7.jpg <-- cepea /public_html/tarazona/cursos/img course-7.jpg
2025.12.06 23:22 B C:\Cursos\cursos\img\course-6.jpg <-- cepea /public_html/tarazona/cursos/img course-6.jpg
2025.12.06 23:22 B C:\Cursos\cursos\img\course-5.jpg <-- cepea /public_html/tarazona/cursos/img course-5.jpg
2025.12.06 23:22 B C:\Cursos\cursos\img\course-4.jpg <-- cepea /public_html/tarazona/cursos/img course-4.jpg
2025.12.06 23:22 B C:\Cursos\cursos\img\cat-4.jpg <-- cepea /public_html/tarazona/cursos/img cat-4.jpg
2025.12.06 23:22 B C:\Cursos\cursos\img\cat-3.jpg <-- cepea /public_html/tarazona/cursos/img cat-3.jpg
2025.12.06 23:22 B C:\Cursos\cursos\img\cat-2.jpg <-- cepea /public_html/tarazona/cursos/img cat-2.jpg
2025.12.06 23:22 B C:\Cursos\cursos\img\cat-1.jpg <-- cepea /public_html/tarazona/cursos/img cat-1.jpg
2025.12.06 23:22 B C:\Cursos\cursos\img\carousel-2.jpg <-- cepea /public_html/tarazona/cursos/img carousel-2.jpg
2025.12.06 23:22 B C:\Cursos\cursos\img\carousel-1.jpg <-- cepea /public_html/tarazona/cursos/img carousel-1.jpg
2025.12.06 23:22 B C:\Cursos\cursos\img\about.jpg <-- cepea /public_html/tarazona/cursos/img about.jpg
